[    0.000000] Initializing cgroup subsys cpuset
[    0.000000] Initializing cgroup subsys cpu
[    0.000000] Initializing cgroup subsys cpuacct
[    0.000000] Linux version 4.4.0-198-generic (buildd@lgw01-amd64-051) (gcc version 5.4.0 20160609 (Ubuntu 5.4.0-6ubuntu1~16.04.12) ) #230-Ubuntu SMP Sat Nov 28 01:30:29 UTC 2020 (Ubuntu 4.4.0-198.230-generic 4.4.244)
[    0.000000] Command line: BOOT_IMAGE=/boot/vmlinuz-4.4.0-198-generic root=LABEL=cloudimg-rootfs ro console=tty1 console=ttyS0
[    0.000000] KERNEL supported cpus:
[    0.000000]   Intel GenuineIntel
[    0.000000]   AMD AuthenticAMD
[    0.000000]   Centaur CentaurHauls
[    0.000000] x86/fpu: Legacy x87 FPU detected.
[    0.000000] e820: BIOS-provided physical RAM map:
[    0.000000] BIOS-e820: [mem 0x0000000000000000-0x000000000009fbff] usable
[    0.000000] BIOS-e820: [mem 0x000000000009fc00-0x000000000009ffff] reserved
[    0.000000] BIOS-e820: [mem 0x00000000000f0000-0x00000000000fffff] reserved
[    0.000000] BIOS-e820: [mem 0x0000000000100000-0x000000003ffeffff] usable
[    0.000000] BIOS-e820: [mem 0x000000003fff0000-0x000000003fffffff] ACPI data
[    0.000000] BIOS-e820: [mem 0x00000000fec00000-0x00000000fec00fff] reserved
[    0.000000] BIOS-e820: [mem 0x00000000fee00000-0x00000000fee00fff] reserved
[    0.000000] BIOS-e820: [mem 0x00000000fffc0000-0x00000000ffffffff] reserved
[    0.000000] NX (Execute Disable) protection: active
[    0.000000] SMBIOS 2.5 present.
[    0.000000] Hypervisor detected: KVM
[    0.000000] e820: last_pfn = 0x3fff0 max_arch_pfn = 0x400000000
[    0.000000] MTRR: Disabled
[    0.000000] x86/PAT: MTRRs disabled, skipping PAT initialization too.
[    0.000000] CPU MTRRs all blank - virtualized system.
[    0.000000] x86/PAT: Configuration [0-7]: WB  WT  UC- UC  WB  WT  UC- UC  
[    0.000000] found SMP MP-table at [mem 0x0009fff0-0x0009ffff] mapped at [ffff88000009fff0]
[    0.000000] Scanning 1 areas for low memory corruption
[    0.000000] RAMDISK: [mem 0x362de000-0x37166fff]
[    0.000000] ACPI: Early table checksum verification disabled
[    0.000000] ACPI: RSDP 0x00000000000E0000 000024 (v02 VBOX  )
[    0.000000] ACPI: XSDT 0x000000003FFF0030 00003C (v01 VBOX   VBOXXSDT 00000001 ASL  00000061)
[    0.000000] ACPI: FACP 0x000000003FFF00F0 0000F4 (v04 VBOX   VBOXFACP 00000001 ASL  00000061)
[    0.000000] ACPI: DSDT 0x000000003FFF0470 002325 (v02 VBOX   VBOXBIOS 00000002 INTL 20100528)
[    0.000000] ACPI: FACS 0x000000003FFF0200 000040
[    0.000000] ACPI: FACS 0x000000003FFF0200 000040
[    0.000000] ACPI: APIC 0x000000003FFF0240 00005C (v02 VBOX   VBOXAPIC 00000001 ASL  00000061)
[    0.000000] ACPI: SSDT 0x000000003FFF02A0 0001CC (v01 VBOX   VBOXCPUT 00000002 INTL 20100528)
[    0.000000] No NUMA configuration found
[    0.000000] Faking a node at [mem 0x0000000000000000-0x000000003ffeffff]
[    0.000000] NODE_DATA(0) allocated [mem 0x3ffeb000-0x3ffeffff]
[    0.000000] kvm-clock: Using msrs 4b564d01 and 4b564d00
[    0.000000] kvm-clock: cpu 0, msr 0:3ffe3001, primary cpu clock
[    0.000000] kvm-clock: using sched offset of 9642901435 cycles
[    0.000000] clocksource: kvm-clock: mask: 0xffffffffffffffff max_cycles: 0x1cd42e4dffb, max_idle_ns: 881590591483 ns
[    0.000000] Zone ranges:
[    0.000000]   DMA      [mem 0x0000000000001000-0x0000000000ffffff]
[    0.000000]   DMA32    [mem 0x0000000001000000-0x000000003ffeffff]
[    0.000000]   Normal   empty
[    0.000000]   Device   empty
[    0.000000] Movable zone start for each node
[    0.000000] Early memory node ranges
[    0.000000]   node   0: [mem 0x0000000000001000-0x000000000009efff]
[    0.000000]   node   0: [mem 0x0000000000100000-0x000000003ffeffff]
[    0.000000] Initmem setup node 0 [mem 0x0000000000001000-0x000000003ffeffff]
[    0.000000] ACPI: PM-Timer IO Port: 0x4008
[    0.000000] IOAPIC[0]: apic_id 2, version 32, address 0xfec00000, GSI 0-23
[    0.000000] ACPI: INT_SRC_OVR (bus 0 bus_irq 0 global_irq 2 dfl dfl)
[    0.000000] ACPI: INT_SRC_OVR (bus 0 bus_irq 9 global_irq 9 low level)
[    0.000000] Using ACPI (MADT) for SMP configuration information
[    0.000000] smpboot: Allowing 2 CPUs, 0 hotplug CPUs
[    0.000000] PM: Registered nosave memory: [mem 0x00000000-0x00000fff]
[    0.000000] PM: Registered nosave memory: [mem 0x0009f000-0x0009ffff]
[    0.000000] PM: Registered nosave memory: [mem 0x000a0000-0x000effff]
[    0.000000] PM: Registered nosave memory: [mem 0x000f0000-0x000fffff]
[    0.000000] e820: [mem 0x40000000-0xfebfffff] available for PCI devices
[    0.000000] Booting paravirtualized kernel on KVM
[    0.000000] clocksource: refined-jiffies: mask: 0xffffffff max_cycles: 0xffffffff, max_idle_ns: 7645519600211568 ns
[    0.000000] setup_percpu: NR_CPUS:512 nr_cpumask_bits:512 nr_cpu_ids:2 nr_node_ids:1
[    0.000000] PERCPU: Embedded 33 pages/cpu @ffff88003fc00000 s95640 r8192 d31336 u1048576
[    0.000000] Built 1 zonelists in Node order, mobility grouping on.  Total pages: 257912
[    0.000000] Policy zone: DMA32
[    0.000000] Kernel command line: BOOT_IMAGE=/boot/vmlinuz-4.4.0-198-generic root=LABEL=cloudimg-rootfs ro console=tty1 console=ttyS0
[    0.000000] PID hash table entries: 4096 (order: 3, 32768 bytes)
[    0.000000] Memory: 997660K/1048120K available (8641K kernel code, 1337K rwdata, 4044K rodata, 1492K init, 1296K bss, 50460K reserved, 0K cma-reserved)
[    0.000000] SLUB: HWalign=64, Order=0-3, MinObjects=0, CPUs=2, Nodes=1
[    0.000000] Kernel/User page tables isolation: enabled
[    0.000000] Hierarchical RCU implementation.
[    0.000000] 	Build-time adjustment of leaf fanout to 64.
[    0.000000] 	RCU restricting CPUs from NR_CPUS=512 to nr_cpu_ids=2.
[    0.000000] RCU: Adjusting geometry for rcu_fanout_leaf=64, nr_cpu_ids=2
[    0.000000] NR_IRQS:33024 nr_irqs:440 16
[    0.000000] Console: colour VGA+ 80x25
[    0.000000] console [tty1] enabled
[    0.000000] console [ttyS0] enabled
[    0.000000] tsc: Detected 2591.998 MHz processor
[    0.820464] Calibrating delay loop (skipped) preset value.. 5183.99 BogoMIPS (lpj=10367992)
[    0.832278] pid_max: default: 32768 minimum: 301
[    0.841965] ACPI: Core revision 20150930
[    0.849581] ACPI: 2 ACPI AML tables successfully acquired and loaded
[    0.865883] Security Framework initialized
[    0.871686] Yama: becoming mindful.
[    0.877955] AppArmor: AppArmor initialized
[    0.885279] Dentry cache hash table entries: 131072 (order: 8, 1048576 bytes)
[    0.908158] Inode-cache hash table entries: 65536 (order: 7, 524288 bytes)
[    0.920739] Mount-cache hash table entries: 2048 (order: 2, 16384 bytes)
[    0.929057] Mountpoint-cache hash table entries: 2048 (order: 2, 16384 bytes)
[    0.942062] Initializing cgroup subsys io
[    0.946991] Initializing cgroup subsys memory
[    0.952607] Initializing cgroup subsys devices
[    0.957167] Initializing cgroup subsys freezer
[    0.962927] Initializing cgroup subsys net_cls
[    0.968086] Initializing cgroup subsys perf_event
[    0.973419] Initializing cgroup subsys net_prio
[    0.979636] Initializing cgroup subsys hugetlb
[    0.984520] Initializing cgroup subsys pids
[    0.989667] mce: CPU supports 0 MCE banks
[    0.994732] Last level iTLB entries: 4KB 64, 2MB 8, 4MB 8
[    1.000946] Last level dTLB entries: 4KB 64, 2MB 0, 4MB 0, 1GB 4
[    1.006674] Spectre V1 : Mitigation: usercopy/swapgs barriers and __user pointer sanitization
[    1.016958] Spectre V2 : Mitigation: Full generic retpoline
[    1.022417] Spectre V2 : Spectre v2 / SpectreRSB mitigation: Filling RSB on context switch
[    1.034323] Speculative Store Bypass: Vulnerable
[    1.056451] MDS: Mitigation: Clear CPU buffers
[    1.113428] Freeing SMP alternatives memory: 36K
[    1.223839] ftrace: allocating 32360 entries in 127 pages
[    2.076051] smpboot: APIC(0) Converting physical 0 to logical package 0
[    2.085807] smpboot: Max logical packages: 1
[    2.114208] ..TIMER: vector=0x30 apic1=0 pin1=2 apic2=-1 pin2=-1
[    2.232050] smpboot: CPU0: Intel(R) Core(TM) i7-6500U CPU @ 2.50GHz (family: 0x6, model: 0x4e, stepping: 0x3)
[    2.248202] Performance Events: unsupported p6 CPU model 78 no PMU driver, software events only.
[    2.336248] KVM setup paravirtual spinlock
[    2.346709] x86: Booting SMP configuration:
[    2.353297] .... node  #0, CPUs:      #1
[    2.362946] kvm-clock: cpu 1, msr 0:3ffe3041, secondary cpu clock
[    2.369071] mce: CPU supports 0 MCE banks
[    2.373008] TSC synchronization [CPU#0 -> CPU#1]:
[    2.378315] Measured 99083 cycles TSC warp between CPUs, turning off TSC clock.
[    2.386007] tsc: Marking TSC unstable due to check_tsc_sync_source failed
[    0.584985] x86: Booted up 1 node, 2 CPUs
[    0.588009] smpboot: Total of 2 processors activated (10367.99 BogoMIPS)
[    0.596865] devtmpfs: initialized
[    0.604246] evm: security.selinux
[    0.608019] evm: security.SMACK64
[    0.612008] evm: security.SMACK64EXEC
[    0.616007] evm: security.SMACK64TRANSMUTE
[    0.620005] evm: security.SMACK64MMAP
[    0.624007] evm: security.ima
[    0.628005] evm: security.capability
[    0.636706] clocksource: jiffies: mask: 0xffffffff max_cycles: 0xffffffff, max_idle_ns: 7645041785100000 ns
[    0.644031] futex hash table entries: 512 (order: 3, 32768 bytes)
[    0.653159] pinctrl core: initialized pinctrl subsystem
[    0.656446] RTC time: 17:39:23, date: 01/08/21
[    0.661226] NET: Registered protocol family 16
[    0.676018] cpuidle: using governor ladder
[    0.692010] cpuidle: using governor menu
[    0.696205] PCCT header not found.
[    0.700119] ACPI: bus type PCI registered
[    0.704006] acpiphp: ACPI Hot Plug PCI Controller Driver version: 0.5
[    0.708494] PCI: Using configuration type 1 for base access
[    0.736515] ACPI: Added _OSI(Module Device)
[    0.740008] ACPI: Added _OSI(Processor Device)
[    0.744006] ACPI: Added _OSI(3.0 _SCP Extensions)
[    0.748006] ACPI: Added _OSI(Processor Aggregator Device)
[    0.753574] ACPI: Executed 1 blocks of module-level executable AML code
[    0.764112] ACPI: Interpreter enabled
[    0.768000] ACPI: (supports S0 S5)
[    0.768006] ACPI: Using IOAPIC for interrupt routing
[    0.776020] PCI: Using host bridge windows from ACPI; if necessary, use "pci=nocrs" and report a bug
[    0.791239] ACPI: PCI Root Bridge [PCI0] (domain 0000 [bus 00-ff])
[    0.792015] acpi PNP0A03:00: _OSC: OS supports [ASPM ClockPM Segments MSI]
[    0.796978] acpi PNP0A03:00: _OSC: not requesting OS control; OS requires [ExtendedConfig ASPM ClockPM MSI]
[    0.800017] acpi PNP0A03:00: fail to add MMCONFIG information, can't access extended PCI configuration space under this bridge.
[    0.804647] PCI host bridge to bus 0000:00
[    0.808005] pci_bus 0000:00: root bus resource [io  0x0000-0x0cf7 window]
[    0.812008] pci_bus 0000:00: root bus resource [io  0x0d00-0xffff window]
[    0.816007] pci_bus 0000:00: root bus resource [mem 0x000a0000-0x000bffff window]
[    0.820009] pci_bus 0000:00: root bus resource [mem 0x40000000-0xfdffffff window]
[    0.824006] pci_bus 0000:00: root bus resource [bus 00-ff]
[    0.834933] pci 0000:00:01.1: legacy IDE quirk: reg 0x10: [io  0x01f0-0x01f7]
[    0.836006] pci 0000:00:01.1: legacy IDE quirk: reg 0x14: [io  0x03f6]
[    0.840008] pci 0000:00:01.1: legacy IDE quirk: reg 0x18: [io  0x0170-0x0177]
[    0.844006] pci 0000:00:01.1: legacy IDE quirk: reg 0x1c: [io  0x0376]
[    0.916354] pci 0000:00:07.0: quirk: [io  0x4000-0x403f] claimed by PIIX4 ACPI
[    0.944089] pci 0000:00:07.0: quirk: [io  0x4100-0x410f] claimed by PIIX4 SMB
[    0.993851] ACPI: PCI Interrupt Link [LNKA] (IRQs 5 9 10 *11)
[    1.068465] ACPI: PCI Interrupt Link [LNKB] (IRQs 5 9 *10 11)
[    1.096201] ACPI: PCI Interrupt Link [LNKC] (IRQs 5 *9 10 11)
[    1.117693] ACPI: PCI Interrupt Link [LNKD] (IRQs 5 9 10 *11)
[    1.148111] ACPI: Enabled 2 GPEs in block 00 to 07
[    1.164471] vgaarb: setting as boot device: PCI:0000:00:02.0
[    1.168000] vgaarb: device added: PCI:0000:00:02.0,decodes=io+mem,owns=io+mem,locks=none
[    1.200007] vgaarb: loaded
[    1.208004] vgaarb: bridge control possible 0000:00:02.0
[    1.228021] SCSI subsystem initialized
[    1.236169] ACPI: bus type USB registered
[    1.248066] usbcore: registered new interface driver usbfs
[    1.264028] usbcore: registered new interface driver hub
[    1.280188] usbcore: registered new device driver usb
[    1.288598] PCI: Using ACPI for IRQ routing
[    1.296763] NetLabel: Initializing
[    1.300004] NetLabel:  domain hash size = 128
[    1.308020] NetLabel:  protocols = UNLABELED CIPSOv4
[    1.312027] NetLabel:  unlabeled traffic allowed by default
[    1.320103] amd_nb: Cannot enumerate AMD northbridges
[    1.328328] clocksource: Switched to clocksource kvm-clock
[    1.392890] AppArmor: AppArmor Filesystem Enabled
[    1.399716] pnp: PnP ACPI init
[    1.405614] pnp: PnP ACPI: found 3 devices
[    1.419570] clocksource: acpi_pm: mask: 0xffffff max_cycles: 0xffffff, max_idle_ns: 2085701024 ns
[    1.432653] NET: Registered protocol family 2
[    1.438803] TCP established hash table entries: 8192 (order: 4, 65536 bytes)
[    1.449049] TCP bind hash table entries: 8192 (order: 5, 131072 bytes)
[    1.457573] TCP: Hash tables configured (established 8192 bind 8192)
[    1.466693] UDP hash table entries: 512 (order: 2, 16384 bytes)
[    1.475311] UDP-Lite hash table entries: 512 (order: 2, 16384 bytes)
[    1.485767] NET: Registered protocol family 1
[    1.491959] pci 0000:00:00.0: Limiting direct PCI/PCI transfers
[    1.500832] pci 0000:00:01.0: Activating ISA DMA hang workarounds
[    1.510012] Unpacking initramfs...
[    2.166601] Freeing initrd memory: 14884K
[    2.172936] clocksource: tsc: mask: 0xffffffffffffffff max_cycles: 0x255cb518234, max_idle_ns: 440795279333 ns
[    2.184507] platform rtc_cmos: registered platform RTC device (no PNP device found)
[    2.193555] Scanning for low memory corruption every 60 seconds
[    2.204378] audit: initializing netlink subsys (disabled)
[    2.211138] audit: type=2000 audit(1610127574.558:1): initialized
[    2.219379] Initialise system trusted keyring
[    2.229029] HugeTLB registered 2 MB page size, pre-allocated 0 pages
[    2.239699] zbud: loaded
[    2.245444] VFS: Disk quotas dquot_6.6.0
[    2.250669] VFS: Dquot-cache hash table entries: 512 (order 0, 4096 bytes)
[    2.260732] squashfs: version 4.0 (2009/01/31) Phillip Lougher
[    2.270032] fuse init (API version 7.23)
[    2.275659] Key type big_key registered
[    2.280633] Allocating IMA MOK and blacklist keyrings.
[    2.306672] Key type asymmetric registered
[    2.312354] Asymmetric key parser 'x509' registered
[    2.318390] Block layer SCSI generic (bsg) driver version 0.4 loaded (major 249)
[    2.329246] io scheduler noop registered
[    2.334782] io scheduler deadline registered (default)
[    2.341877] io scheduler cfq registered
[    2.347609] pci_hotplug: PCI Hot Plug PCI Core version: 0.5
[    2.355887] pciehp: PCI Express Hot Plug Controller Driver version: 0.4
[    2.365029] ACPI: AC Adapter [AC] (on-line)
[    2.370568] input: Power Button as /devices/LNXSYSTM:00/LNXPWRBN:00/input/input0
[    2.381556] ACPI: Power Button [PWRF]
[    2.386530] input: Sleep Button as /devices/LNXSYSTM:00/LNXSLPBN:00/input/input1
[    2.395994] ACPI: Sleep Button [SLPF]
[    2.402455] GHES: HEST is not enabled!
[    2.408609] Serial: 8250/16550 driver, 32 ports, IRQ sharing enabled
[    2.452325] 00:02: ttyS0 at I/O 0x3f8 (irq = 4, base_baud = 115200) is a 16550A
[    2.464510] Linux agpgart interface v0.103
[    2.486092] loop: module loaded
[    2.492814] scsi host0: ata_piix
[    2.499879] scsi host1: ata_piix
[    2.506540] ata1: PATA max UDMA/33 cmd 0x1f0 ctl 0x3f6 bmdma 0xd000 irq 14
[    2.515768] ata2: PATA max UDMA/33 cmd 0x170 ctl 0x376 bmdma 0xd008 irq 15
[    2.525257] libphy: Fixed MDIO Bus: probed
[    2.533168] tun: Universal TUN/TAP device driver, 1.6
[    2.539836] tun: (C) 1999-2004 Max Krasnyansky <maxk@qualcomm.com>
[    2.549323] PPP generic driver version 2.4.2
[    2.555069] ehci_hcd: USB 2.0 'Enhanced' Host Controller (EHCI) Driver
[    2.565989] ehci-pci: EHCI PCI platform driver
[    2.572643] ehci-platform: EHCI generic platform driver
[    2.580201] ohci_hcd: USB 1.1 'Open' Host Controller (OHCI) Driver
[    2.587966] ohci-pci: OHCI PCI platform driver
[    2.597025] ohci-platform: OHCI generic platform driver
[    2.603334] uhci_hcd: USB Universal Host Controller Interface driver
[    2.611295] i8042: PNP: PS/2 Controller [PNP0303:PS2K,PNP0f03:PS2M] at 0x60,0x64 irq 1,12
[    2.627931] serio: i8042 KBD port at 0x60,0x64 irq 1
[    2.636225] serio: i8042 AUX port at 0x60,0x64 irq 12
[    2.642090] mousedev: PS/2 mouse device common for all mice
[    2.650617] input: AT Translated Set 2 keyboard as /devices/platform/i8042/serio0/input/input2
[    2.665058] rtc_cmos rtc_cmos: rtc core: registered rtc_cmos as rtc0
[    2.672297] rtc_cmos rtc_cmos: alarms up to one day, 114 bytes nvram
[    2.681728] i2c /dev entries driver
[    2.685890] device-mapper: uevent: version 1.0.3
[    2.717575] device-mapper: ioctl: 4.34.0-ioctl (2015-10-28) initialised: dm-devel@redhat.com
[    2.730285] ledtrig-cpu: registered to indicate activity on CPUs
[    2.739430] NET: Registered protocol family 10
[    2.747176] NET: Registered protocol family 17
[    2.755411] Key type dns_resolver registered
[    2.762166] registered taskstats version 1
[    2.766627] Loading compiled-in X.509 certificates
[    2.772204] Loaded X.509 cert 'Build time autogenerated kernel key: 5a978b27f48525e60943fea4f7c8132006960a9d'
[    2.785505] zswap: loaded using pool lzo/zbud
[    2.795271] Key type trusted registered
[    2.809093] Key type encrypted registered
[    2.813913] AppArmor: AppArmor sha1 policy hashing enabled
[    2.819325] ima: No TPM chip found, activating TPM-bypass!
[    2.827203] ima: Allocated hash algorithm: sha1
[    2.835134] evm: HMAC attrs: 0x1
[    2.842688]   Magic number: 5:505:693
[    2.850042] rtc_cmos rtc_cmos: setting system clock to 2021-01-08 17:39:25 UTC (1610127565)
[    2.865153] BIOS EDD facility v0.16 2004-Jun-25, 0 devices found
[    2.874140] EDD information not available.
[    2.885704] Freeing unused kernel memory: 1492K
[    2.892084] Write protecting the kernel read-only data: 14336k
[    2.901940] Freeing unused kernel memory: 1588K
[    2.909346] Freeing unused kernel memory: 52K
Loading, please wait...
starting version 229
[    2.961950] random: systemd-udevd: uninitialized urandom read (16 bytes read, 5 bits of entropy available)
[    2.965300] random: udevadm: uninitialized urandom read (16 bytes read, 5 bits of entropy available)
[    2.965333] random: udevadm: uninitialized urandom read (16 bytes read, 5 bits of entropy available)
[    2.986909] random: udevadm: uninitialized urandom read (16 bytes read, 5 bits of entropy available)
[    2.986981] random: udevadm: uninitialized urandom read (16 bytes read, 5 bits of entropy available)
[    2.987372] random: udevadm: uninitialized urandom read (16 bytes read, 5 bits of entropy available)
[    2.987455] random: udevadm: uninitialized urandom read (16 bytes read, 5 bits of entropy available)
[    2.987530] random: udevadm: uninitialized urandom read (16 bytes read, 5 bits of entropy available)
[    2.988422] random: udevadm: uninitialized urandom read (16 bytes read, 5 bits of entropy available)
[    2.988544] random: udevadm: uninitialized urandom read (16 bytes read, 5 bits of entropy available)
[    3.167059] Fusion MPT base driver 3.04.20
[    3.173208] Copyright (c) 1999-2008 LSI Corporation
[    3.199687] e1000: Intel(R) PRO/1000 Network Driver - version 7.3.21-k8-NAPI
[    3.210419] e1000: Copyright (c) 1999-2006 Intel Corporation.
[    3.236929] Fusion MPT SPI Host driver 3.04.20
[    3.508392] input: ImExPS/2 Generic Explorer Mouse as /devices/platform/i8042/serio1/input/input4
[    4.139961] e1000 0000:00:03.0 eth0: (PCI:33MHz:32-bit) 02:1c:00:a5:06:70
[    4.151136] e1000 0000:00:03.0 eth0: Intel(R) PRO/1000 Network Connection
[    5.109530] e1000 0000:00:08.0 eth1: (PCI:33MHz:32-bit) 08:00:27:9f:ab:f3
[    5.119113] e1000 0000:00:08.0 eth1: Intel(R) PRO/1000 Network Connection
[    5.132950] e1000 0000:00:03.0 enp0s3: renamed from eth0
[    5.143906] mptbase: ioc0: Initiating bringup
[    5.157180] e1000 0000:00:08.0 enp0s8: renamed from eth1
[    5.242477] ioc0: LSI53C1030 A0: Capabilities={Initiator}
[    5.914075] scsi host2: ioc0: LSI53C1030 A0, FwRev=00000000h, Ports=1, MaxQ=256, IRQ=20
[    6.076561] scsi 2:0:0:0: Direct-Access     VBOX     HARDDISK         1.0  PQ: 0 ANSI: 5
[    6.080416] scsi target2:0:0: Beginning Domain Validation
[    6.121630] scsi target2:0:0: Domain Validation skipping write tests
[    6.130585] scsi target2:0:0: Ending Domain Validation
[    6.137479] scsi target2:0:0: asynchronous
[    6.147801] scsi 2:0:1:0: Direct-Access     VBOX     HARDDISK         1.0  PQ: 0 ANSI: 5
[    6.151683] scsi target2:0:1: Beginning Domain Validation
[    6.177167] scsi target2:0:1: Domain Validation skipping write tests
[    6.185440] scsi target2:0:1: Ending Domain Validation
[    6.192148] scsi target2:0:1: asynchronous
[    6.249386] sd 2:0:0:0: Attached scsi generic sg0 type 0
[    6.257760] sd 2:0:0:0: [sda] 20971520 512-byte logical blocks: (10.7 GB/10.0 GiB)
[    6.266677] sd 2:0:1:0: Attached scsi generic sg1 type 0
[    6.304417] sd 2:0:1:0: [sdb] 20480 512-byte logical blocks: (10.5 MB/10.0 MiB)
[    6.316932] sd 2:0:0:0: [sda] Write Protect is off
[    6.324328] sd 2:0:0:0: [sda] Incomplete mode parameter data
[    6.328094] sd 2:0:0:0: [sda] Assuming drive cache: write through
[    6.328094] sd 2:0:1:0: [sdb] Write Protect is off
[    6.348049] sd 2:0:1:0: [sdb] Incomplete mode parameter data
[    6.356815] sd 2:0:1:0: [sdb] Assuming drive cache: write through
[    6.378177]  sda: sda1
[    6.386631] sd 2:0:0:0: [sda] Attached SCSI disk
[    6.405897] sd 2:0:1:0: [sdb] Attached SCSI disk
Begin: Loading essential drivers ... [    8.497994] md: linear personality registered for level -1
[    8.514291] md: multipath personality registered for level -4
[    8.527410] md: raid0 personality registered for level 0
[    8.552617] md: raid1 personality registered for level 1
[    9.566633] raid6: sse2x1   gen() 118540 MB/s
[   10.556210] raid6: sse2x1   xor() 100021 MB/s
[   11.556674] raid6: sse2x2   gen() 147575 MB/s
[   13.555285] raid6: sse2x2   xor() 128932 MB/s
[   13.631204] raid6: sse2x4   gen() 13896 MB/s
[   13.706448] raid6: sse2x4   xor()  8935 MB/s
[   13.712543] raid6: using algorithm sse2x2 gen() 147575 MB/s
[   13.718484] raid6: .... xor() 128932 MB/s, rmw enabled
[   13.724704] raid6: using ssse3x2 recovery algorithm
[   13.733871] xor: measuring software checksum speed
[   13.780470]    prefetch64-sse: 14739.000 MB/sec
[   13.824458]    generic_sse: 16949.000 MB/sec
[   13.829956] xor: using function: generic_sse (16949.000 MB/sec)
[   13.838656] async_tx: api initialized (async)
[   13.893089] md: raid6 personality registered for level 6
[   13.899210] md: raid5 personality registered for level 5
[   13.906311] md: raid4 personality registered for level 4
[   13.939071] md: raid10 personality registered for level 10
done.
Begin: Running /scripts/init-premount ... done.
Begin: Mounting root file system ... Begin: Running /scripts/local-top ... done.
Begin: Running /scripts/local-premount ... [   14.039445] Btrfs loaded
Scanning for Btrfs filesystems
done.
Warning: fsck not present, so skipping root file system
[   14.225664] EXT4-fs (sda1): mounted filesystem with ordered data mode. Opts: (null)
done.
Begin: Running /scripts/local-bottom ... done.
Begin: Running /scripts/init-bottom ... done.
[   14.975653] systemd[1]: systemd 229 running in system mode. (+PAM +AUDIT +SELINUX +IMA +APPARMOR +SMACK +SYSVINIT +UTMP +LIBCRYPTSETUP +GCRYPT +GNUTLS +ACL +XZ -LZ4 +SECCOMP +BLKID +ELFUTILS +KMOD -IDN)
[   14.998014] systemd[1]: Detected virtualization oracle.
[   15.004596] systemd[1]: Detected architecture x86-64.

Welcome to [1mUbuntu 16.04.7 LTS[0m!

[   15.044678] systemd[1]: Set hostname to <ubuntu>.
[   15.081392] systemd[1]: Initializing machine ID from random generator.
[   15.085132] systemd[1]: Installed transient /etc/machine-id file.
[   15.104354] random: nonblocking pool is initialized
[   15.914902] systemd[1]: Created slice User and Session Slice.
[[0;32m  OK  [0m] Created slice User and Session Slice.
[   15.925063] systemd[1]: Listening on Device-mapper event daemon FIFOs.
[[0;32m  OK  [0m] Listening on Device-mapper event daemon FIFOs.
[   15.936720] systemd[1]: Reached target User and Group Name Lookups.
[[0;32m  OK  [0m] Reached target User and Group Name Lookups.
[   15.947913] systemd[1]: Listening on Syslog Socket.
[[0;32m  OK  [0m] Listening on Syslog Socket.
[   15.958193] systemd[1]: Listening on LVM2 metadata daemon socket.
[[0;32m  OK  [0m] Listening on LVM2 metadata daemon socket.
[   15.969851] systemd[1]: Listening on udev Kernel Socket.
[[0;32m  OK  [0m] Listening on udev Kernel Socket.
[   15.979191] systemd[1]: Reached target Swap.
[[0;32m  OK  [0m] Reached target Swap.
[   15.989108] systemd[1]: Reached target Encrypted Volumes.
[[0;32m  OK  [0m] Reached target Encrypted Volumes.
[   15.999991] systemd[1]: Set up automount Arbitrary Executable File Formats File System Automount Point.
[[0;32m  OK  [0m] Set up automount Arbitrary Executab...ats File System Automount Point.
[   16.018033] systemd[1]: Listening on /dev/initctl Compatibility Named Pipe.
[[0;32m  OK  [0m] Listening on /dev/initctl Compatibility Named Pipe.
[   16.030490] systemd[1]: Listening on LVM2 poll daemon socket.
[[0;32m  OK  [0m] Listening on LVM2 poll daemon socket.
[   16.042077] systemd[1]: Listening on Journal Socket.
[[0;32m  OK  [0m] Listening on Journal Socket.
[   16.052431] systemd[1]: Created slice System Slice.
[[0;32m  OK  [0m] Created slice System Slice.
[   16.072427] systemd[1]: Starting Create list of required static device nodes for the current kernel...
         Starting Create list of required st... nodes for the current kernel...
[   16.091452] systemd[1]: Reached target Slices.
[[0;32m  OK  [0m] Reached target Slices.
[   16.102790] systemd[1]: Starting Uncomplicated firewall...
         Starting Uncomplicated firewall...
[   16.116703] systemd[1]: Starting Monitoring of LVM2 mirrors, snapshots etc. using dmeventd or progress polling...
         Starting Monitoring of LVM2 mirrors... dmeventd or progress polling...
[   16.135165] systemd[1]: Mounting Debug File System...
         Mounting Debug File System...
[   16.147178] systemd[1]: Mounting POSIX Message Queue File System...
         Mounting POSIX Message Queue File System...
[   16.161848] systemd[1]: Starting Nameserver information manager...
         Starting Nameserver information manager...
[   16.229052] systemd[1]: Starting Load Kernel Modules...
         Starting Load Kernel Modules...
[   16.246847] systemd[1]: Starting Set console keymap...
         Starting Set console keymap...
[   16.263470] systemd[1]: Created slice system-serial\x2dgetty.slice.
[[0;32m  OK  [0m] Created slice system-serial\x2dgetty.slice.
[   16.282716] systemd[1]: Mounting Huge Pages File System...
         Mounting Huge Pages File System...
[   16.297333] systemd[1]: Started Forward Password Requests to Wall Directory Watch.
[[0;32m  OK  [0m] Started Forward Password Requests to Wall Directory Watch.
[   16.320401] systemd[1]: Reached target System Time Synchronized.
[[0;32m  OK  [0m] Reached target System Time Synchronized.
[   16.339822] systemd[1]: Listening on Journal Audit Socket.
[[0;32m  OK  [0m] Listening on Journal Audit Socket.
[   16.410364] systemd[1]: Listening on Journal Socket (/dev/log).
[[0;32m  OK  [0m] Listening on Journal Socket (/dev/log).
[   16.464498] Loading iSCSI transport class v2.0-870.
[   16.486504] systemd[1]: Starting Journal Service...
         Starting Journal Service...
[   16.501730] systemd[1]: Started Trigger resolvconf update for networkd DNS.
[[0;32m  OK  [0m] Started Trigger resolvconf update for networkd DNS.
[   16.524791] systemd[1]: Listening on udev Control Socket.
[   16.532711] iscsi: registered transport (tcp)
[[0;32m  OK  [0m] Listening on udev Control Socket.
[   16.565024] systemd[1]: Starting Remount Root and Kernel File Systems...
[   16.572011] EXT4-fs (sda1): re-mounted. Opts: (null)
         Starting Remount Root and Kernel File Systems...
[   16.594275] systemd[1]: Mounted POSIX Message Queue File System.
[[0;32m  OK  [0m] Mounted POSIX Message Queue File System.
[   16.613255] systemd[1]: Mounted Huge Pages File System.
[[0;32m  OK  [0m] Mounted Huge Pages File System.
[   16.627595] systemd[1]: Mounted Debug File System.
[[0;32m  OK  [0m] Mounted Debug File System.
[   16.647836] systemd[1]: Started Create list of required static device nodes for the current kernel.
[[0;32m  OK  [0m] Started Create list of required sta...ce nodes for the current kernel.
[   16.676714] systemd[1]: Started Uncomplicated firewall.
[[0;32m  OK  [0m] Started Uncomplicated firewall.
[   16.722837] systemd[1]: Started Set console keymap.
[[0;32m  OK  [0m] Started Set console keymap.
[   16.739211] systemd[1]: Started Remount Root and Kernel File Systems.
[[0;32m  OK  [0m] Started Remount Root and Kernel File Systems.
[   16.752780] systemd[1]: Started Nameserver information manager.
[   16.761611] iscsi: registered transport (iser)
[[0;32m  OK  [0m] Started Nameserver information manager.
[   16.772230] systemd[1]: Started Journal Service.
[[0;32m  OK  [0m] Started Journal Service.
[[0;32m  OK  [0m] Started Load Kernel Modules.
[[0;32m  OK  [0m] Started LVM2 metadata daemon.
         Starting Apply Kernel Variables...
         Mounting FUSE Control File System...
         Starting udev Coldplug all Devices...
         Starting Load/Save Random Seed...
         Starting Flush Journal to Persistent Storage...
         Starting Create Static Device Nodes in /dev...
[[0;32m  OK  [0m] Mounted FUSE Control File System.
[[0;32m  OK  [0m] Started Apply Kernel Variables.
[[0;32m  OK  [0m] Started Load/Save Random Seed.
[[0;32m  OK  [0m] Started Flush Journal to Persistent Storage.
[[0;32m  OK  [0m] Started udev Coldplug all Devices.
[[0;32m  OK  [0m] Started Create Static Device Nodes in /dev.
         Starting udev Kernel Device Manager...
[[0;32m  OK  [0m] Started udev Kernel Device Manager.
[[0;32m  OK  [0m] Started Dispatch Password Requests to Console Directory Watch.
[[0;32m  OK  [0m] Started Monitoring of LVM2 mirrors,...ng dmeventd or progress polling.
[[0;32m  OK  [0m] Reached target Local File Systems (Pre).
[[0;32m  OK  [0m] Reached target Local File Systems.
         Starting Commit a transient machine-id on disk...
         Starting Tell Plymouth To Write Out Runtime Data...
         Starting LSB: AppArmor initialization...
         Starting Create Volatile Files and Directories...
         Starting Initial cloud-init job (pre-networking)...
         Starting Set console font and keymap...
[[0;32m  OK  [0m] Started Create Volatile Files and Directories.
         Starting Update UTMP about System Boot/Shutdown...
[[0;32m  OK  [0m] Started Commit a transient machine-id on disk.
[[0;32m  OK  [0m] Started Tell Plymouth To Write Out Runtime Data.
[[0;32m  OK  [0m] Started Update UTMP about System Boot/Shutdown.
[[0;32m  OK  [0m] Found device /dev/ttyS0.
[[0;32m  OK  [0m] Listening on Load/Save RF Kill Switch Status /dev/rfkill Watch.
[[0;32m  OK  [0m] Started Set console font and keymap.
[[0;32m  OK  [0m] Created slice system-getty.slice.
[[0;32m  OK  [0m] Started LSB: AppArmor initialization.
         Starting Load AppArmor profiles managed internally by snapd...
[[0;32m  OK  [0m] Started Load AppArmor profiles managed internally by snapd.
[   23.619536] cloud-init[473]: Cloud-init v. 20.4-0ubuntu1~16.04.1 running 'init-local' at Fri, 08 Jan 2021 17:39:45 +0000. Up 22.94 seconds.
[[0;32m  OK  [0m] Started Initial cloud-init job (pre-networking).
[[0;32m  OK  [0m] Reached target Network (Pre).
         Starting Raise network interfaces...
[[0;32m  OK  [0m] Started Raise network interfaces.
         Starting Initial cloud-init job (metadata service crawler)...
[[0;32m  OK  [0m] Reached target Network.
[   28.245540] cloud-init[936]: Cloud-init v. 20.4-0ubuntu1~16.04.1 running 'init' at Fri, 08 Jan 2021 17:39:47 +0000. Up 25.12 seconds.
[   28.254258] cloud-init[936]: ci-info: +++++++++++++++++++++++++++++++++++++Net device info+++++++++++++++++++++++++++++++++++++
[   28.261302] cloud-init[936]: ci-info: +--------+-------+-------------------------+---------------+--------+-------------------+
[   28.268390] cloud-init[936]: ci-info: | Device |   Up  |         Address         |      Mask     | Scope  |     Hw-Address    |
[   28.275394] cloud-init[936]: ci-info: +--------+-------+-------------------------+---------------+--------+-------------------+
[   28.283995] cloud-init[936]: ci-info: | enp0s3 |  True |        10.0.2.15        | 255.255.255.0 | global | 02:1c:00:a5:06:70 |
[   28.291925] cloud-init[936]: ci-info: | enp0s3 |  True | fe80::1c:ff:fea5:670/64 |       .       |  link  | 02:1c:00:a5:06:70 |
[   28.300431] cloud-init[936]: ci-info: | enp0s8 | False |            .            |       .       |   .    | 08:00:27:9f:ab:f3 |
[   28.308915] cloud-init[936]: ci-info: |   lo   |  True |        127.0.0.1        |   255.0.0.0   |  host  |         .         |
[   28.316029] cloud-init[936]: ci-info: |   lo   |  True |         ::1/128         |       .       |  host  |         .         |
[   28.323655] cloud-init[936]: ci-info: +--------+-------+-------------------------+---------------+--------+-------------------+
[   28.331404] cloud-init[936]: ci-info: +++++++++++++++++++++++++++Route IPv4 info++++++++++++++++++++++++++++
[   28.338426] cloud-init[936]: ci-info: +-------+-------------+----------+---------------+-----------+-------+
[   28.346109] cloud-init[936]: ci-info: | Route | Destination | Gateway  |    Genmask    | Interface | Flags |
[   28.352845] cloud-init[936]: ci-info: +-------+-------------+----------+---------------+-----------+-------+
[   28.359249] cloud-init[936]: ci-info: |   0   |   0.0.0.0   | 10.0.2.2 |    0.0.0.0    |   enp0s3  |   UG  |
[   28.366445] cloud-init[936]: ci-info: |   1   |   10.0.2.0  | 0.0.0.0  | 255.255.255.0 |   enp0s3  |   U   |
[   28.373804] cloud-init[936]: ci-info: +-------+-------------+----------+---------------+-----------+-------+
[   28.380944] cloud-init[936]: ci-info: +++++++++++++++++++Route IPv6 info+++++++++++++++++++
[   28.387276] cloud-init[936]: ci-info: +-------+-------------+---------+-----------+-------+
[   28.394268] cloud-init[936]: ci-info: | Route | Destination | Gateway | Interface | Flags |
[   28.400511] cloud-init[936]: ci-info: +-------+-------------+---------+-----------+-------+
[   28.406712] cloud-init[936]: ci-info: |   0   |  fe80::/64  |    ::   |   enp0s3  |   U   |
[   28.413099] cloud-init[936]: ci-info: |   3   |   ff00::/8  |    ::   |   enp0s3  |   U   |
[   28.419677] cloud-init[936]: ci-info: +-------+-------------+---------+-----------+-------+
[   28.426451] cloud-init[936]: Generating public/private rsa key pair.
[   28.431697] cloud-init[936]: Your identification has been saved in /etc/ssh/ssh_host_rsa_key.
[   28.438174] cloud-init[936]: Your public key has been saved in /etc/ssh/ssh_host_rsa_key.pub.
[   28.444584] cloud-init[936]: The key fingerprint is:
[   28.449210] cloud-init[936]: SHA256:9iooQ4pEOT+rYj2E7ZuWyj6uaW5ae3pQLqfi/x9bIcw root@ubuntu-xenial
[   28.455405] cloud-init[936]: The key's randomart image is:
[   28.460163] cloud-init[936]: +---[RSA 2048]----+
[   28.464263] cloud-init[936]: |                 |
[   28.469155] cloud-init[936]: |                 |
[   28.473687] cloud-init[936]: |  .              |
[   28.478648] cloud-init[936]: | +  . o          |
[   28.488974] [[0;32m  OK  [0m] Started Initial cloud-init job (metadata service crawler).
[[0;32m  OK  [0m] Reached target System Initialization.
[[0;32m  OK  [0m] Started Message of the Day.
[[0;32m  OK  [0m] Listening on UUID daemon activation socket.
[[0;32m  OK  [0m] Listening on D-Bus System Message Bus Socket.
[[0;32m  OK  [0m] Started Daily Cleanup of Temporary Directories.
[[0;32m  OK  [0m] Listening on ACPID Listen Socket.
cloud-init[[0;32m  OK  [0m] Started ACPI Events Check.
[[0;32m  OK  [0m] Reached target Paths.
[[0;32m  OK  [0m] Started Daily apt download activities.
[[0;32m  OK  [0m] Started Daily apt upgrade and clean activities.
         Starting Socket activation for snappy daemon.
[[0;32m  OK  [0m] Reached target Timers.
[936]: |. =o   ES.       |
         Starting LXD - unix socket.
[   28.537647] cloud-init[936]: | o+=o  ....      |
[[0;32m  OK  [0m] Reached target Cloud-config availability.
[   28.549357] [[0;32m  OK  [0m] Reached target Network is Online.
cloud-init[936]: |oo==+. . ..      |
[   28.559436] cloud-init[936]: |*B+O= . +.       |
[   28.567829] cloud-init[936]:          Starting iSCSI initiator daemon (iscsid)...
[[0;32m  OK  [0m] Listening on Socket activation for snappy daemon.
[[0;32m  OK  [0m] Listening on LXD - unix socket.
[[0;32m  OK  [0m] Reached target Sockets.
[[0;32m  OK  [0m] Reached target Basic System.
|/XOX+..+.        |
[   28.587466] cloud-init[936]: +----[SHA256]-----+
[   28.595049] cloud-init[936]: Generating public/private dsa key pair.
         Starting Pollinate to seed the pseudo random number generator...
[   28.606848]          Starting LSB: MD monitoring daemon...
         Starting LXD - container startup/shutdown...
         Starting LSB: Record successful boot for GRUB...
         Starting System Logging Service...
cloud-init[936]: Your identification has been saved in /etc/ssh/ssh_host_dsa_key.
[   28.632289] cloud-init[936]: Your public key has been saved in /etc/ssh/ssh_host_dsa_key.pub.
[   28.639135] cloud-init[936]: The key fingerprint is:
[   28.643604] cloud-init[936]: SHA256:qMNY2hkmNtC/VIB/UoKGDHV+ULkO8gG7fD7sWS77e/Y root@ubuntu-xenial
[   28.650514] cloud-init[936]: The key's randomart image is:
[   28.655024] cloud-init[936]: +---[DSA 1024]----+
[   28.660646] cloud-init[936]: |+o.o+...         |
[   28.665642] cloud-init[936]: |.o=o.oo          |
[   28.670316] cloud-init[936]: |...+.oo.         |
[   28.674891] cloud-init[936]: | .o.=oo.         |
[   28.679806] cloud-init[936]: | .++**. S        |
[   28.684295] cloud-init[936]: | .o@o=.          |
[   28.688071] cloud-init[936]: |  o+B .          |
[   28.692461] cloud-init[936]: |    ==  o        |
[   28.696909] cloud-init[936]: |   .+=++ .E      |
[   28.701032] cloud-init[936]: +----[SHA256]-----+
[   28.707715] cloud-init[936]: Generating public/private ecdsa key pair.
[   28.717488] cloud-init[[0;32m  OK  [0m] Started ACPI event daemon.
         Starting Virtualbox guest utils...
         Starting /etc/rc.local Compatibility...
[[0;32m  OK  [0m] Started D-Bus System Message Bus.
[936]: Your identification has been saved in /etc/ssh/ssh_host_ecdsa_key.
[   28.736674] cloud-init[936]: Your public key has been saved in /etc/ssh/ssh_host_ecdsa_key.pub.
[   28.745620] cloud-init[936]: The key fingerprint is:
[   28.749810] cloud-init[936]: SHA256:JLs2ZqasSQorZBYytIy1zfK657IEtVKLyDiqziKIu8U root@ubuntu-xenial
[   28.756462] cloud-init[936]: The key's randomart image is:
[   28.765292] cloud-init[936]: +---[ECDSA 256]---+
[   28.773886] cloud-init[936]: |                 |
[   28.782804] cloud-init[936]: | ..              |
[   28.791110] cloud-init[936]: |+.++  . .        |
[   28.799302] cloud-init[936]: |BBooo  +         |
[   28.807459] cloud-init[936]: |Oo+o  . S        |
[   28.815023] cloud-init[936]: |.O  .  .         |
[   28.840841] cloud-init[936]: |O E.  B          |
[   28.848116] cloud-init[936]: |X*oo.* .         |
[   28.855807] cloud-init[936]: |@==B+            |
[   28.863005] cloud-init[936]: +----[SHA256]-----+
[   28.871999] cloud-init[936]: Generating public/private ed25519 key pair.
[   28.884790] cloud-init[936]: Your identification has been saved in /etc/ssh/ssh_host_ed25519_key.
[   28.897864] cloud-init[936]: Your public key has been saved in /etc/ssh/ssh_host_ed25519_key.pub.
[   28.909765] cloud-init[936]: The key fingerprint is:
[   28.919908] cloud-init[936]: SHA256:0AlvI6HyoGEFsucl5P3H8cSlaxj5YknENbBM6YRAHBo root@ubuntu-xenial
[   28.932574] cloud-init[936]: The key's randomart image is:
[   28.942668] cloud-init[936]: +--[ED25519 256]--+
[   28.954714] cloud-init[936]: |..E++ooo++o .    |
[   28.965136] cloud-init[936]: |.+.+...O+= +     |
[   28.974607] cloud-init[936]: |o.B + oo& +      |
[   28.986337] cloud-init[936]: |.= * . *.X .     |
[   28.995720] cloud-init[936]: |. . . . S =      |
[   29.006689] cloud-init[936]: |       o o       |
[   29.018284] cloud-init[936]: |                 |
[   29.029698] cloud-init[936]: |                 |
[   29.040535] cloud-init[936]: |                 |
[   29.049862] cloud-init[936]: +----[SHA256]-----+
[[0;32m  OK  [0m] Started Deferred execution scheduler.
[[0;32m  OK  [0m] Started Regular background program processing daemon.
[[0;32m  OK  [0m] Started FUSE filesystem for LXC.
         Starting Snap Daemon...
         Starting Login Service...
         Starting Accounts Service...
[[0;32m  OK  [0m] Started System Logging Service.
[[0;32m  OK  [0m] Started /etc/rc.local Compatibility.
[[0;32m  OK  [0m] Started iSCSI initiator daemon (iscsid).
         Starting Login to default iSCSI targets...
[[0;32m  OK  [0m] Started LSB: MD monitoring daemon.
[[0;32m  OK  [0m] Started Login Service.
[[0;32m  OK  [0m] Started Unattended Upgrades Shutdown.
[[0;32m  OK  [0m] Started LSB: Record successful boot for GRUB.
[[0;32m  OK  [0m] Started Login to default iSCSI targets.
[[0;32m  OK  [0m] Reached target Remote File Systems (Pre).
[[0;32m  OK  [0m] Reached target Remote File Systems.
         Starting LSB: Set the CPU Frequency Scaling governor to "ondemand"...
         Starting LSB: daemon to balance interrupts for SMP systems...
         Starting LSB: automatic crash report generation...
         Starting Permit User Sessions...
[[0;32m  OK  [0m] Started LSB: Set the CPU Frequency Scaling governor to "ondemand".
[[0;32m  OK  [0m] Started Permit User Sessions.
         Starting Terminate Plymouth Boot Screen...
         Starting Hold until boot process finishes up...
[[0;32m  OK  [0m] Started Terminate Plymouth Boot Screen.
[[0;32m  OK  [0m] Started Hold until boot process finishes up.
         Starting Set console scheme...
[[0;32m  OK  [0m] Started Getty on tty1.
[[0;32m  OK  [0m] Started Serial Getty on ttyS0.
[[0;32m  OK  [0m] Reached target Login Prompts.
[[0;32m  OK  [0m] Started LSB: automatic crash report generation.
[[0;32m  OK  [0m] Started Set console scheme.
[[0;32m  OK  [0m] Started Virtualbox guest utils.
[[0;32m  OK  [0m] Started LSB: daemon to balance interrupts for SMP systems.
         Starting Authenticate and Authorize Users to Run Privileged Tasks...
[[0;32m  OK  [0m] Started Authenticate and Authorize Users to Run Privileged Tasks.
[[0;32m  OK  [0m] Started Accounts Service.
[[0;32m  OK  [0m] Started Pollinate to seed the pseudo random number generator.
         Starting OpenBSD Secure Shell server...
[[0;32m  OK  [0m] Started LXD - container startup/shutdown.
[[0;32m  OK  [0m] Started OpenBSD Secure Shell server.
[[0;32m  OK  [0m] Created slice User Slice of vagrant.
         Starting User Manager for UID 1000...
[[0;32m  OK  [0m] Started Session 1 of user vagrant.
[[0;32m  OK  [0m] Started Snap Daemon.
         Starting Wait until snapd is fully seeded...
[[0;32m  OK  [0m] Started User Manager for UID 1000.

Ubuntu 16.04.7 LTS ubuntu-xenial ttyS0

ubuntu-xenial login: [   38.822425] cloud-init[1397]: Generating locales (this might take a while)...
[   40.898613] cloud-init[1397]:   en_US.UTF-8... done
[   40.906801] cloud-init[1397]: Generation complete.
[   42.942966] cloud-init[1397]: Cloud-init v. 20.4-0ubuntu1~16.04.1 running 'modules:config' at Fri, 08 Jan 2021 17:40:01 +0000. Up 38.49 seconds.
ci-info: no authorized SSH keys fingerprints found for user ubuntu.
<14>Jan  8 17:40:06 ec2: 
<14>Jan  8 17:40:06 ec2: #############################################################
<14>Jan  8 17:40:06 ec2: -----BEGIN SSH HOST KEY FINGERPRINTS-----
<14>Jan  8 17:40:06 ec2: 1024 SHA256:qMNY2hkmNtC/VIB/UoKGDHV+ULkO8gG7fD7sWS77e/Y root@ubuntu-xenial (DSA)
<14>Jan  8 17:40:06 ec2: 256 SHA256:JLs2ZqasSQorZBYytIy1zfK657IEtVKLyDiqziKIu8U root@ubuntu-xenial (ECDSA)
<14>Jan  8 17:40:06 ec2: 256 SHA256:0AlvI6HyoGEFsucl5P3H8cSlaxj5YknENbBM6YRAHBo root@ubuntu-xenial (ED25519)
<14>Jan  8 17:40:06 ec2: 2048 SHA256:9iooQ4pEOT+rYj2E7ZuWyj6uaW5ae3pQLqfi/x9bIcw root@ubuntu-xenial (RSA)
<14>Jan  8 17:40:06 ec2: -----END SSH HOST KEY FINGERPRINTS-----
<14>Jan  8 17:40:06 ec2: #############################################################
-----BEGIN SSH HOST KEY KEYS-----
ecdsa-sha2-nistp256 AAAAE2VjZHNhLXNoYTItbmlzdHAyNTYAAAAIbmlzdHAyNTYAAABBBNH+Hmhy64rjxmnl7BN8pS6MXYJCDA2xi5YWvBut8N0feWib51Z3nYwDt6BE2mfmnT/5EFemGLFYYxc4TFtVj4s= root@ubuntu-xenial
ssh-ed25519 AAAAC3NzaC1lZDI1NTE5AAAAIJnhckWxRgBJZtGanrm+hnQEL+tGSaAPzq9d5LT7B/f/ root@ubuntu-xenial
ssh-rsa AAAAB3NzaC1yc2EAAAADAQABAAABAQDJ7CrcmhXXQPSYzm6pb3Yrh7nHBg32jje6q7TH8GbMVfSCPLCZ1Vy02DDCO8ysyGGcN1oNGKdlkyAZTOTyD6+qD+QhhqVNDwhngvMGrtndyBh++ItZIEDXIEANEKdanQVCjiRRIVShvZ+HyXEZczHl5wjWnTQbx82t13+mB8kryegZ8o3Gq2/mqWqql7+NzcYe9IOY8XhgfOZofSVsRXVYwQcte/qeD0cKMnazZ5CLtI/X64FLIXGwtkCsRjeLq2979CZmjNU0OIobSnVSrAdqTOhFtsz3amUWQU+PGEgs5txaN0PRc3fQmEtsKmYEszDBSUJvHtscjhdl7kN2nTHR root@ubuntu-xenial
-----END SSH HOST KEY KEYS-----
[   43.890184] cloud-init[1536]: Cloud-init v. 20.4-0ubuntu1~16.04.1 running 'modules:final' at Fri, 08 Jan 2021 17:40:06 +0000. Up 43.46 seconds.
[   43.903324] cloud-init[1536]: ci-info: no authorized SSH keys fingerprints found for user ubuntu.
[   43.913304] cloud-init[1536]: Cloud-init v. 20.4-0ubuntu1~16.04.1 finished at Fri, 08 Jan 2021 17:40:06 +0000. Datasource DataSourceNoCloud [seed=/dev/sdb][dsmode=net].  Up 43.87 seconds
